<?xml version="1.0" encoding="UTF-8"?>
<!-- Generated by org.testng.reporters.JUnitXMLReporter -->
<testsuite ignored="0" hostname="LTIN508798" failures="0" tests="1" name="EdgeTest" time="0.007" errors="0" timestamp="2024-10-21T18:07:42 IST">
  <testcase classname="MiniProject.MiniProject" name="@BeforeClass createDriver" time="-1.729514262892E9">
    <failure type="org.testng.TestNGException" message="
Parameter &amp;apos;browser&amp;apos; is required by BeforeClass on method createDriver but has not been marked @Optional or defined
in C:\Users\2321010\eclipse-workspace\first\src\test\java\MiniProject\testng.xml">
      <![CDATA[org.testng.TestNGException: 
Parameter 'browser' is required by BeforeClass on method createDriver but has not been marked @Optional or defined
in C:\Users\2321010\eclipse-workspace\first\src\test\java\MiniProject\testng.xml
at java.base/java.util.ArrayList.forEach(ArrayList.java:1511)
... Removed 22 stack frames]]>
    </failure>
  </testcase> <!-- @BeforeClass createDriver -->
  <testcase classname="MiniProject.MiniProject" name="@AfterTest tearDown" time="-1.729514262897E9">
    <skipped/>
  </testcase> <!-- @AfterTest tearDown -->
  <testcase classname="MiniProject.MiniProject" name="validation" time="0.0">
    <skipped/>
  </testcase> <!-- validation -->
</testsuite> <!-- EdgeTest -->
